<?xml version="1.0" encoding="UTF-8"?>
<testng-results ignored="0" total="1" passed="1" failed="0" skipped="0">
  <reporter-output>
  </reporter-output>
  <suite started-at="2021-05-14T17:44:27 IST" name="Default suite" finished-at="2021-05-14T17:45:14 IST" duration-ms="47129">
    <groups>
    </groups>
    <test started-at="2021-05-14T17:44:27 IST" name="Default test" finished-at="2021-05-14T17:45:14 IST" duration-ms="47129">
      <class name="TestCases.TC_OPENCART_003">
        <test-method is-config="true" signature="launchApp()[pri:0, instance:TestCases.TC_OPENCART_003@78e117e3]" started-at="2021-05-14T17:44:27 IST" name="launchApp" finished-at="2021-05-14T17:44:35 IST" duration-ms="7811" status="PASS">
          <reporter-output>
          </reporter-output>
        </test-method> <!-- launchApp -->
        <test-method signature="loginTest()[pri:0, instance:TestCases.TC_OPENCART_003@78e117e3]" started-at="2021-05-14T17:44:35 IST" name="loginTest" finished-at="2021-05-14T17:45:14 IST" duration-ms="39258" status="PASS">
          <reporter-output>
          </reporter-output>
        </test-method> <!-- loginTest -->
        <test-method is-config="true" signature="tearDon()[pri:0, instance:TestCases.TC_OPENCART_003@78e117e3]" started-at="2021-05-14T17:45:14 IST" name="tearDon" finished-at="2021-05-14T17:45:14 IST" duration-ms="1" status="PASS">
          <reporter-output>
          </reporter-output>
        </test-method> <!-- tearDon -->
      </class> <!-- TestCases.TC_OPENCART_003 -->
    </test> <!-- Default test -->
  </suite> <!-- Default suite -->
</testng-results>
